<?xml version="1.0" encoding="UTF-8"?>
<testng-results ignored="0" total="1" passed="1" failed="0" skipped="0">
  <reporter-output>
  </reporter-output>
  <suite started-at="2024-01-08T19:20:16 CST" name="Default suite" finished-at="2024-01-08T19:20:37 CST" duration-ms="20940">
    <groups>
    </groups>
    <test started-at="2024-01-08T19:20:16 CST" name="Default test" finished-at="2024-01-08T19:20:37 CST" duration-ms="20940">
      <class name="com.qa.Tn.Testcases.ProductCheckout_Test">
        <test-method is-config="true" signature="setup()[pri:0, instance:com.qa.Tn.Testcases.ProductCheckout_Test@942a29c]" started-at="2024-01-08T19:20:16 CST" name="setup" finished-at="2024-01-08T19:20:25 CST" duration-ms="9690" status="PASS">
          <reporter-output>
          </reporter-output>
        </test-method> <!-- setup -->
        <test-method signature="checkoutProduct()[pri:0, instance:com.qa.Tn.Testcases.ProductCheckout_Test@942a29c]" started-at="2024-01-08T19:20:25 CST" name="checkoutProduct" finished-at="2024-01-08T19:20:36 CST" duration-ms="10987" status="PASS">
          <reporter-output>
          </reporter-output>
        </test-method> <!-- checkoutProduct -->
        <test-method is-config="true" signature="teardown()[pri:0, instance:com.qa.Tn.Testcases.ProductCheckout_Test@942a29c]" started-at="2024-01-08T19:20:36 CST" name="teardown" finished-at="2024-01-08T19:20:37 CST" duration-ms="211" status="PASS">
          <reporter-output>
          </reporter-output>
        </test-method> <!-- teardown -->
      </class> <!-- com.qa.Tn.Testcases.ProductCheckout_Test -->
    </test> <!-- Default test -->
  </suite> <!-- Default suite -->
</testng-results>
